13:50:02.534 [ApplicationImpl pooled thread 6] INFO  c.b.l.BrowserStackRunExtension - maven
13:50:02.536 [ApplicationImpl pooled thread 6] INFO  com.browserstack.utils.Helpers - null
13:54:10.549 [AWT-EventQueue-0] INFO  c.b.actions.DisableBrowserStack - Setting disable browserstack run update
13:54:10.555 [AWT-EventQueue-0] INFO  c.b.actions.EnableBrowserStack - Setting enable browserstack run update
19:03:42.759 [ApplicationImpl pooled thread 6] INFO  c.b.l.BrowserStackRunExtension - testng
19:03:42.763 [ApplicationImpl pooled thread 6] INFO  com.browserstack.utils.Helpers - null
19:03:42.765 [ApplicationImpl pooled thread 6] INFO  c.b.l.BrowserStackRunExtension - Agent path: null
19:17:56.457 [ApplicationImpl pooled thread 1] INFO  c.b.l.BrowserStackRunExtension - testng
19:17:56.457 [ApplicationImpl pooled thread 1] INFO  com.browserstack.utils.Helpers - null
19:17:56.459 [ApplicationImpl pooled thread 1] INFO  c.b.l.BrowserStackRunExtension - Agent path: null
19:19:07.913 [ApplicationImpl pooled thread 16] INFO  c.b.l.BrowserStackRunExtension - testng
19:19:07.913 [ApplicationImpl pooled thread 16] INFO  com.browserstack.utils.Helpers - null
19:19:07.914 [ApplicationImpl pooled thread 16] INFO  c.b.l.BrowserStackRunExtension - Agent path: null
19:22:07.521 [ApplicationImpl pooled thread 22] INFO  c.b.l.BrowserStackRunExtension - testng
19:22:07.521 [ApplicationImpl pooled thread 22] INFO  com.browserstack.utils.Helpers - null
19:22:07.522 [ApplicationImpl pooled thread 22] INFO  c.b.l.BrowserStackRunExtension - Agent path: null
19:22:40.774 [ApplicationImpl pooled thread 21] INFO  c.b.l.BrowserStackRunExtension - testng
19:22:40.774 [ApplicationImpl pooled thread 21] INFO  com.browserstack.utils.Helpers - null
19:22:40.775 [ApplicationImpl pooled thread 21] INFO  c.b.l.BrowserStackRunExtension - Agent path: null
19:28:21.100 [ApplicationImpl pooled thread 20] INFO  c.b.l.BrowserStackRunExtension - testng
19:28:21.100 [ApplicationImpl pooled thread 20] INFO  com.browserstack.utils.Helpers - null
19:28:21.101 [ApplicationImpl pooled thread 20] INFO  c.b.l.BrowserStackRunExtension - Agent path: null
19:39:54.416 [ApplicationImpl pooled thread 11] INFO  c.b.l.BrowserStackRunExtension - testng
19:39:54.419 [ApplicationImpl pooled thread 11] INFO  com.browserstack.utils.Helpers - null
19:39:54.420 [ApplicationImpl pooled thread 11] INFO  c.b.l.BrowserStackRunExtension - Agent path: null
19:40:58.073 [ApplicationImpl pooled thread 11] INFO  c.b.l.BrowserStackRunExtension - testng
19:40:58.073 [ApplicationImpl pooled thread 11] INFO  com.browserstack.utils.Helpers - null
19:40:58.074 [ApplicationImpl pooled thread 11] INFO  c.b.l.BrowserStackRunExtension - Agent path: null
19:41:39.637 [ApplicationImpl pooled thread 10] INFO  c.b.l.BrowserStackRunExtension - testng
19:41:39.637 [ApplicationImpl pooled thread 10] INFO  com.browserstack.utils.Helpers - null
19:41:39.639 [ApplicationImpl pooled thread 10] INFO  c.b.l.BrowserStackRunExtension - Agent path: null
19:43:37.772 [AWT-EventQueue-0] INFO  c.b.actions.EnableBrowserStack - Setting enable browserstack run update
19:43:37.804 [AWT-EventQueue-0] INFO  c.b.actions.DisableBrowserStack - Setting disable browserstack run update
19:46:10.175 [ApplicationImpl pooled thread 10] INFO  c.b.l.BrowserStackRunExtension - testng
19:46:10.176 [ApplicationImpl pooled thread 10] INFO  com.browserstack.utils.Helpers - null
19:46:10.177 [ApplicationImpl pooled thread 10] INFO  c.b.l.BrowserStackRunExtension - Agent path: null
19:57:02.702 [ApplicationImpl pooled thread 10] INFO  c.b.l.BrowserStackRunExtension - testng
19:57:02.702 [ApplicationImpl pooled thread 10] INFO  com.browserstack.utils.Helpers - null
19:57:02.703 [ApplicationImpl pooled thread 10] INFO  c.b.l.BrowserStackRunExtension - Agent path: null
19:57:21.188 [ApplicationImpl pooled thread 16] INFO  c.b.l.BrowserStackRunExtension - testng
19:57:21.189 [ApplicationImpl pooled thread 16] INFO  com.browserstack.utils.Helpers - null
19:57:21.205 [ApplicationImpl pooled thread 16] INFO  c.b.l.BrowserStackRunExtension - Agent path: null
19:58:06.430 [ApplicationImpl pooled thread 5] INFO  c.b.l.BrowserStackRunExtension - testng
19:58:06.430 [ApplicationImpl pooled thread 5] INFO  com.browserstack.utils.Helpers - null
19:58:06.431 [ApplicationImpl pooled thread 5] INFO  c.b.l.BrowserStackRunExtension - Agent path: null
19:58:36.271 [ApplicationImpl pooled thread 10] INFO  c.b.l.BrowserStackRunExtension - testng
19:58:36.271 [ApplicationImpl pooled thread 10] INFO  com.browserstack.utils.Helpers - null
19:58:36.272 [ApplicationImpl pooled thread 10] INFO  c.b.l.BrowserStackRunExtension - Agent path: null
19:59:08.911 [ApplicationImpl pooled thread 5] INFO  c.b.l.BrowserStackRunExtension - testng
19:59:08.911 [ApplicationImpl pooled thread 5] INFO  com.browserstack.utils.Helpers - null
19:59:08.912 [ApplicationImpl pooled thread 5] INFO  c.b.l.BrowserStackRunExtension - Agent path: null
19:59:48.061 [ApplicationImpl pooled thread 5] INFO  c.b.l.BrowserStackRunExtension - testng
19:59:48.062 [ApplicationImpl pooled thread 5] INFO  com.browserstack.utils.Helpers - null
19:59:48.077 [ApplicationImpl pooled thread 5] INFO  c.b.l.BrowserStackRunExtension - Agent path: null
20:00:34.755 [ApplicationImpl pooled thread 17] INFO  c.b.l.BrowserStackRunExtension - testng
20:00:34.755 [ApplicationImpl pooled thread 17] INFO  com.browserstack.utils.Helpers - null
20:00:34.756 [ApplicationImpl pooled thread 17] INFO  c.b.l.BrowserStackRunExtension - Agent path: null
15:34:27.637 [ApplicationImpl pooled thread 10] INFO  c.b.l.BrowserStackRunExtension - testng
15:34:27.640 [ApplicationImpl pooled thread 10] INFO  com.browserstack.utils.Helpers - null
15:34:27.641 [ApplicationImpl pooled thread 10] INFO  c.b.l.BrowserStackRunExtension - Agent path: null
15:45:13.057 [ApplicationImpl pooled thread 1] INFO  c.b.l.BrowserStackRunExtension - testng
15:45:13.059 [ApplicationImpl pooled thread 1] INFO  com.browserstack.utils.Helpers - null
15:45:13.060 [ApplicationImpl pooled thread 1] INFO  c.b.l.BrowserStackRunExtension - Agent path: null
16:42:00.138 [ApplicationImpl pooled thread 24] INFO  c.b.l.BrowserStackRunExtension - testng
16:42:00.140 [ApplicationImpl pooled thread 24] INFO  com.browserstack.utils.Helpers - null
16:42:00.141 [ApplicationImpl pooled thread 24] INFO  c.b.l.BrowserStackRunExtension - Agent path: null
18:49:56.439 [ApplicationImpl pooled thread 79] INFO  c.b.l.BrowserStackRunExtension - testng
18:49:56.439 [ApplicationImpl pooled thread 79] INFO  com.browserstack.utils.Helpers - null
18:49:56.440 [ApplicationImpl pooled thread 79] INFO  c.b.l.BrowserStackRunExtension - Agent path: null
18:50:24.211 [ApplicationImpl pooled thread 89] INFO  c.b.l.BrowserStackRunExtension - testng
18:50:24.212 [ApplicationImpl pooled thread 89] INFO  com.browserstack.utils.Helpers - null
18:50:24.212 [ApplicationImpl pooled thread 89] INFO  c.b.l.BrowserStackRunExtension - Agent path: null
18:55:52.725 [ApplicationImpl pooled thread 89] INFO  c.b.l.BrowserStackRunExtension - testng
18:55:52.725 [ApplicationImpl pooled thread 89] INFO  com.browserstack.utils.Helpers - null
18:55:52.725 [ApplicationImpl pooled thread 89] INFO  c.b.l.BrowserStackRunExtension - Agent path: null
19:01:25.583 [ApplicationImpl pooled thread 98] INFO  c.b.l.BrowserStackRunExtension - testng
19:01:25.583 [ApplicationImpl pooled thread 98] INFO  com.browserstack.utils.Helpers - null
19:01:25.584 [ApplicationImpl pooled thread 98] INFO  c.b.l.BrowserStackRunExtension - Agent path: null
17:50:39.993 [ApplicationImpl pooled thread 90] INFO  c.b.l.BrowserStackRunExtension - application
17:50:39.996 [ApplicationImpl pooled thread 90] INFO  com.browserstack.utils.Helpers - null
17:51:25.180 [ApplicationImpl pooled thread 90] INFO  c.b.l.BrowserStackRunExtension - application
17:51:25.180 [ApplicationImpl pooled thread 90] INFO  com.browserstack.utils.Helpers - null
18:55:48.798 [ApplicationImpl pooled thread 117] INFO  c.b.l.BrowserStackRunExtension - application
18:55:48.798 [ApplicationImpl pooled thread 117] INFO  com.browserstack.utils.Helpers - null
20:08:41.052 [ApplicationImpl pooled thread 133] INFO  c.b.l.BrowserStackRunExtension - application
20:08:41.052 [ApplicationImpl pooled thread 133] INFO  com.browserstack.utils.Helpers - null
20:11:51.278 [ApplicationImpl pooled thread 138] INFO  c.b.l.BrowserStackRunExtension - application
20:11:51.278 [ApplicationImpl pooled thread 138] INFO  com.browserstack.utils.Helpers - null
15:31:40.293 [ApplicationImpl pooled thread 15] INFO  c.b.l.BrowserStackRunExtension - application
15:31:40.297 [ApplicationImpl pooled thread 15] INFO  com.browserstack.utils.Helpers - null
15:33:11.180 [ApplicationImpl pooled thread 15] INFO  c.b.l.BrowserStackRunExtension - application
15:33:11.180 [ApplicationImpl pooled thread 15] INFO  com.browserstack.utils.Helpers - null
15:34:00.856 [ApplicationImpl pooled thread 15] INFO  c.b.l.BrowserStackRunExtension - application
15:34:00.856 [ApplicationImpl pooled thread 15] INFO  com.browserstack.utils.Helpers - null
15:35:34.969 [ApplicationImpl pooled thread 15] INFO  c.b.l.BrowserStackRunExtension - application
15:35:34.969 [ApplicationImpl pooled thread 15] INFO  com.browserstack.utils.Helpers - null
15:36:21.380 [ApplicationImpl pooled thread 15] INFO  c.b.l.BrowserStackRunExtension - application
15:36:21.380 [ApplicationImpl pooled thread 15] INFO  com.browserstack.utils.Helpers - null
15:59:43.652 [ApplicationImpl pooled thread 23] INFO  c.b.l.BrowserStackRunExtension - application
15:59:43.652 [ApplicationImpl pooled thread 23] INFO  com.browserstack.utils.Helpers - null
16:15:55.900 [ApplicationImpl pooled thread 32] INFO  c.b.l.BrowserStackRunExtension - application
16:15:55.900 [ApplicationImpl pooled thread 32] INFO  com.browserstack.utils.Helpers - null
16:17:39.158 [ApplicationImpl pooled thread 35] INFO  c.b.l.BrowserStackRunExtension - application
16:17:39.158 [ApplicationImpl pooled thread 35] INFO  com.browserstack.utils.Helpers - null
16:19:34.682 [ApplicationImpl pooled thread 31] INFO  c.b.l.BrowserStackRunExtension - application
16:19:34.682 [ApplicationImpl pooled thread 31] INFO  com.browserstack.utils.Helpers - null
16:21:40.076 [ApplicationImpl pooled thread 41] INFO  c.b.l.BrowserStackRunExtension - application
16:21:40.076 [ApplicationImpl pooled thread 41] INFO  com.browserstack.utils.Helpers - null
16:23:59.157 [ApplicationImpl pooled thread 37] INFO  c.b.l.BrowserStackRunExtension - application
16:23:59.157 [ApplicationImpl pooled thread 37] INFO  com.browserstack.utils.Helpers - null
16:26:52.672 [ApplicationImpl pooled thread 47] INFO  c.b.l.BrowserStackRunExtension - application
16:26:52.673 [ApplicationImpl pooled thread 47] INFO  com.browserstack.utils.Helpers - null
16:27:43.626 [ApplicationImpl pooled thread 46] INFO  c.b.l.BrowserStackRunExtension - application
16:27:43.627 [ApplicationImpl pooled thread 46] INFO  com.browserstack.utils.Helpers - null
17:42:20.268 [ApplicationImpl pooled thread 53] INFO  c.b.l.BrowserStackRunExtension - application
17:42:20.269 [ApplicationImpl pooled thread 53] INFO  com.browserstack.utils.Helpers - null
17:45:41.988 [ApplicationImpl pooled thread 52] INFO  c.b.l.BrowserStackRunExtension - application
17:45:41.988 [ApplicationImpl pooled thread 52] INFO  com.browserstack.utils.Helpers - null
17:46:31.796 [ApplicationImpl pooled thread 62] INFO  c.b.l.BrowserStackRunExtension - application
17:46:31.796 [ApplicationImpl pooled thread 62] INFO  com.browserstack.utils.Helpers - null
17:48:51.165 [ApplicationImpl pooled thread 49] INFO  c.b.l.BrowserStackRunExtension - application
17:48:51.165 [ApplicationImpl pooled thread 49] INFO  com.browserstack.utils.Helpers - null
17:51:44.154 [ApplicationImpl pooled thread 67] INFO  c.b.l.BrowserStackRunExtension - application
17:51:44.154 [ApplicationImpl pooled thread 67] INFO  com.browserstack.utils.Helpers - null
19:56:18.923 [ApplicationImpl pooled thread 82] INFO  c.b.l.BrowserStackRunExtension - application
19:56:18.923 [ApplicationImpl pooled thread 82] INFO  com.browserstack.utils.Helpers - null
19:58:36.498 [ApplicationImpl pooled thread 83] INFO  c.b.l.BrowserStackRunExtension - application
19:58:36.498 [ApplicationImpl pooled thread 83] INFO  com.browserstack.utils.Helpers - null
19:59:54.314 [ApplicationImpl pooled thread 87] INFO  c.b.l.BrowserStackRunExtension - application
19:59:54.314 [ApplicationImpl pooled thread 87] INFO  com.browserstack.utils.Helpers - null
20:03:56.807 [ApplicationImpl pooled thread 93] INFO  c.b.l.BrowserStackRunExtension - application
20:03:56.808 [ApplicationImpl pooled thread 93] INFO  com.browserstack.utils.Helpers - null
20:05:26.782 [ApplicationImpl pooled thread 87] INFO  c.b.l.BrowserStackRunExtension - application
20:05:26.782 [ApplicationImpl pooled thread 87] INFO  com.browserstack.utils.Helpers - null
20:05:37.271 [ApplicationImpl pooled thread 87] INFO  c.b.l.BrowserStackRunExtension - application
20:05:37.271 [ApplicationImpl pooled thread 87] INFO  com.browserstack.utils.Helpers - null
20:06:55.273 [ApplicationImpl pooled thread 95] INFO  c.b.l.BrowserStackRunExtension - application
20:06:55.273 [ApplicationImpl pooled thread 95] INFO  com.browserstack.utils.Helpers - null
20:07:08.683 [ApplicationImpl pooled thread 86] INFO  c.b.l.BrowserStackRunExtension - application
20:07:08.683 [ApplicationImpl pooled thread 86] INFO  com.browserstack.utils.Helpers - null
20:07:59.936 [ApplicationImpl pooled thread 87] INFO  c.b.l.BrowserStackRunExtension - application
20:07:59.936 [ApplicationImpl pooled thread 87] INFO  com.browserstack.utils.Helpers - null
20:11:58.124 [ApplicationImpl pooled thread 93] INFO  c.b.l.BrowserStackRunExtension - application
20:11:58.124 [ApplicationImpl pooled thread 93] INFO  com.browserstack.utils.Helpers - null
20:12:36.531 [ApplicationImpl pooled thread 105] INFO  c.b.l.BrowserStackRunExtension - application
20:12:36.531 [ApplicationImpl pooled thread 105] INFO  com.browserstack.utils.Helpers - null
20:12:51.898 [ApplicationImpl pooled thread 87] INFO  c.b.l.BrowserStackRunExtension - application
20:12:51.898 [ApplicationImpl pooled thread 87] INFO  com.browserstack.utils.Helpers - null
20:15:45.080 [ApplicationImpl pooled thread 93] INFO  c.b.l.BrowserStackRunExtension - application
20:15:45.081 [ApplicationImpl pooled thread 93] INFO  com.browserstack.utils.Helpers - null
20:18:54.693 [ApplicationImpl pooled thread 106] INFO  c.b.l.BrowserStackRunExtension - application
20:18:54.693 [ApplicationImpl pooled thread 106] INFO  com.browserstack.utils.Helpers - null
20:51:24.418 [ApplicationImpl pooled thread 126] INFO  c.b.l.BrowserStackRunExtension - application
20:51:24.418 [ApplicationImpl pooled thread 126] INFO  com.browserstack.utils.Helpers - null
20:55:20.205 [ApplicationImpl pooled thread 129] INFO  c.b.l.BrowserStackRunExtension - application
20:55:20.206 [ApplicationImpl pooled thread 129] INFO  com.browserstack.utils.Helpers - null
20:59:11.660 [ApplicationImpl pooled thread 130] INFO  c.b.l.BrowserStackRunExtension - application
20:59:11.660 [ApplicationImpl pooled thread 130] INFO  com.browserstack.utils.Helpers - null
20:59:48.591 [ApplicationImpl pooled thread 130] INFO  c.b.l.BrowserStackRunExtension - application
20:59:48.592 [ApplicationImpl pooled thread 130] INFO  com.browserstack.utils.Helpers - null
21:10:51.681 [ApplicationImpl pooled thread 131] INFO  c.b.l.BrowserStackRunExtension - application
21:10:51.681 [ApplicationImpl pooled thread 131] INFO  com.browserstack.utils.Helpers - null
21:13:16.515 [ApplicationImpl pooled thread 141] INFO  c.b.l.BrowserStackRunExtension - application
21:13:16.515 [ApplicationImpl pooled thread 141] INFO  com.browserstack.utils.Helpers - null
21:16:38.250 [ApplicationImpl pooled thread 131] INFO  c.b.l.BrowserStackRunExtension - application
21:16:38.250 [ApplicationImpl pooled thread 131] INFO  com.browserstack.utils.Helpers - null
